<?xml version="1.0" encoding="UTF-8"?>
<testsuite xmlns:xsi="http://www.w3.org/2001/XMLSchema-instance" xsi:noNamespaceSchemaLocation="https://maven.apache.org/surefire/maven-surefire-plugin/xsd/surefire-test-report.xsd" version="3.0.2" name="com.example.demoTest.DemoApplicationTests" time="9.572" tests="1" errors="0" skipped="0" failures="0">
  <properties>
[...]
</properties>
  <testcase name="contextLoads" classname="com.example.demoTest.DemoApplicationTests" time="0.553">
    <system-out><![CDATA[
  .   ____          _            __ _ _
 /\\ / ___'_ __ _ _(_)_ __  __ _ \ \ \ \
( ( )\___ | '_ | '_| | '_ \/ _` | \ \ \ \
 \\/  ___)| |_)| | | | | || (_| |  ) ) ) )
  '  |____| .__|_| |_|_| |_\__, | / / / /
 =========|_|==============|___/=/_/_/_/

 :: Spring Boot ::                (v3.5.6)

2025-11-25T10:57:14.155+01:00  INFO 11652 --- [           main] c.example.demoTest.DemoApplicationTests  : Starting DemoApplicationTests using Java 17.0.14 with PID 11652 (started by licya in C:\Users\licya\OneDrive\Desktop\demob)
2025-11-25T10:57:14.155+01:00  INFO 11652 --- [           main] c.example.demoTest.DemoApplicationTests  : No active profile set, falling back to 1 default profile: "default"
2025-11-25T10:57:15.260+01:00  INFO 11652 --- [           main] .s.d.r.c.RepositoryConfigurationDelegate : Bootstrapping Spring Data JPA repositories in DEFAULT mode.
2025-11-25T10:57:15.370+01:00  INFO 11652 --- [           main] .s.d.r.c.RepositoryConfigurationDelegate : Finished Spring Data repository scanning in 93 ms. Found 2 JPA repository interfaces.
2025-11-25T10:57:16.246+01:00  INFO 11652 --- [           main] o.hibernate.jpa.internal.util.LogHelper  : HHH000204: Processing PersistenceUnitInfo [name: default]
2025-11-25T10:57:16.360+01:00  INFO 11652 --- [           main] org.hibernate.Version                    : HHH000412: Hibernate ORM core version 6.6.29.Final
2025-11-25T10:57:16.435+01:00  INFO 11652 --- [           main] o.h.c.internal.RegionFactoryInitiator    : HHH000026: Second-level cache disabled
2025-11-25T10:57:17.075+01:00  INFO 11652 --- [           main] o.s.o.j.p.SpringPersistenceUnitInfo      : No LoadTimeWeaver setup: ignoring JPA class transformer
2025-11-25T10:57:17.122+01:00  INFO 11652 --- [           main] com.zaxxer.hikari.HikariDataSource       : HikariPool-1 - Starting...
2025-11-25T10:57:17.390+01:00  INFO 11652 --- [           main] com.zaxxer.hikari.pool.HikariPool        : HikariPool-1 - Added connection conn0: url=jdbc:h2:mem:testdb user=SA
2025-11-25T10:57:17.390+01:00  INFO 11652 --- [           main] com.zaxxer.hikari.HikariDataSource       : HikariPool-1 - Start completed.
2025-11-25T10:57:17.500+01:00  INFO 11652 --- [           main] org.hibernate.orm.connections.pooling    : HHH10001005: Database info:
	Database JDBC URL [Connecting through datasource 'HikariDataSource (HikariPool-1)']
	Database driver: undefined/unknown
	Database version: 2.3.232
	Autocommit mode: undefined/unknown
	Isolation level: undefined/unknown
	Minimum pool size: undefined/unknown
	Maximum pool size: undefined/unknown
2025-11-25T10:57:18.643+01:00  INFO 11652 --- [           main] o.h.e.t.j.p.i.JtaPlatformInitiator       : HHH000489: No JTA platform available (set 'hibernate.transaction.jta.platform' to enable JTA platform integration)
Hibernate: drop table if exists student cascade 
Hibernate: drop table if exists university cascade 
Hibernate: create table student (id integer generated by default as identity, university_id integer, address varchar(255), name varchar(255), primary key (id))
Hibernate: create table university (id integer generated by default as identity, name varchar(255), primary key (id))
Hibernate: alter table if exists student add constraint FK157t7rer269uuhfphq1mcd7y9 foreign key (university_id) references university
2025-11-25T10:57:18.726+01:00  INFO 11652 --- [           main] j.LocalContainerEntityManagerFactoryBean : Initialized JPA EntityManagerFactory for persistence unit 'default'
2025-11-25T10:57:19.403+01:00  INFO 11652 --- [           main] o.s.d.j.r.query.QueryEnhancerFactory     : Hibernate is in classpath; If applicable, HQL parser will be used.
2025-11-25T10:57:20.812+01:00  WARN 11652 --- [           main] JpaBaseConfiguration$JpaWebConfiguration : spring.jpa.open-in-view is enabled by default. Therefore, database queries may be performed during view rendering. Explicitly configure spring.jpa.open-in-view to disable this warning
2025-11-25T10:57:22.015+01:00  INFO 11652 --- [           main] c.example.demoTest.DemoApplicationTests  : Started DemoApplicationTests in 8.416 seconds (process running for 9.672)
]]></system-out>
  </testcase>
</testsuite>